# JRE version: OpenJDK Runtime Environment (8.0_242-b01) (build 1.8.0_242-release-1644-b01)
# Java VM: OpenJDK 64-Bit Server VM (25.242-b01 mixed mode windows-amd64 compressed oops)
Heap:
 PSYoungGen      total 609280K, used 282068K [0x00000000d5580000, 0x0000000100000000, 0x0000000100000000)
  eden space 519680K, 49% used [0x00000000d5580000,0x00000000e5005f60,0x00000000f5100000)
  from space 89600K, 28% used [0x00000000f5100000,0x00000000f69ef1f8,0x00000000fa880000)
  to   space 86016K, 0% used [0x00000000fac00000,0x00000000fac00000,0x0000000100000000)
 ParOldGen       total 325632K, used 155228K [0x0000000080000000, 0x0000000093e00000, 0x00000000d5580000)
  object space 325632K, 47% used [0x0000000080000000,0x00000000897973a8,0x0000000093e00000)
 Metaspace       used 106058K, capacity 112128K, committed 112280K, reserved 1146880K
  class space    used 13818K, capacity 14995K, committed 15024K, reserved 1048576K
GC Heap History (10 events):
Event: 90.923 GC heap before
{Heap before GC invocations=23 (full 3):
 PSYoungGen      total 621568K, used 621369K [0x00000000d5580000, 0x0000000100000000, 0x0000000100000000)
  eden space 573952K, 100% used [0x00000000d5580000,0x00000000f8600000,0x00000000f8600000)
  from space 47616K, 99% used [0x00000000f8600000,0x00000000fb44e7e8,0x00000000fb480000)
  to   space 66560K, 0% used [0x00000000fbf00000,0x00000000fbf00000,0x0000000100000000)
 ParOldGen       total 140288K, used 108542K [0x0000000080000000, 0x0000000088900000, 0x00000000d5580000)
  object space 140288K, 77% used [0x0000000080000000,0x00000000869ff9b8,0x0000000088900000)
 Metaspace       used 78294K, capacity 83070K, committed 83224K, reserved 1120256K
  class space    used 10656K, capacity 11546K, committed 11568K, reserved 1048576K
Event: 91.019 GC heap after
Heap after GC invocations=23 (full 3):
 PSYoungGen      total 633856K, used 33865K [0x00000000d5580000, 0x0000000100000000, 0x0000000100000000)
  eden space 567296K, 0% used [0x00000000d5580000,0x00000000d5580000,0x00000000f7f80000)
  from space 66560K, 50% used [0x00000000fbf00000,0x00000000fe012738,0x0000000100000000)
  to   space 65024K, 0% used [0x00000000f7f80000,0x00000000f7f80000,0x00000000fbf00000)
 ParOldGen       total 140288K, used 108550K [0x0000000080000000, 0x0000000088900000, 0x00000000d5580000)
  object space 140288K, 77% used [0x0000000080000000,0x0000000086a019b8,0x0000000088900000)
 Metaspace       used 78294K, capacity 83070K, committed 83224K, reserved 1120256K
  class space    used 10656K, capacity 11546K, committed 11568K, reserved 1048576K
}
Event: 101.288 GC heap before
{Heap before GC invocations=24 (full 3):
 PSYoungGen      total 633856K, used 601161K [0x00000000d5580000, 0x0000000100000000, 0x0000000100000000)
  eden space 567296K, 100% used [0x00000000d5580000,0x00000000f7f80000,0x00000000f7f80000)
  from space 66560K, 50% used [0x00000000fbf00000,0x00000000fe012738,0x0000000100000000)
  to   space 65024K, 0% used [0x00000000f7f80000,0x00000000f7f80000,0x00000000fbf00000)
 ParOldGen       total 140288K, used 108550K [0x0000000080000000, 0x0000000088900000, 0x00000000d5580000)
  object space 140288K, 77% used [0x0000000080000000,0x0000000086a019b8,0x0000000088900000)
 Metaspace       used 88981K, capacity 94188K, committed 94360K, reserved 1130496K
  class space    used 11949K, capacity 12928K, committed 12976K, reserved 1048576K
Event: 101.477 GC heap after
Heap after GC invocations=24 (full 3):
 PSYoungGen      total 632320K, used 65021K [0x00000000d5580000, 0x0000000100000000, 0x0000000100000000)
  eden space 567296K, 0% used [0x00000000d5580000,0x00000000d5580000,0x00000000f7f80000)
  from space 65024K, 99% used [0x00000000f7f80000,0x00000000fbeff448,0x00000000fbf00000)
  to   space 66560K, 0% used [0x00000000fbf00000,0x00000000fbf00000,0x0000000100000000)
 ParOldGen       total 156672K, used 156338K [0x0000000080000000, 0x0000000089900000, 0x00000000d5580000)
  object space 156672K, 99% used [0x0000000080000000,0x00000000898ac9c0,0x0000000089900000)
 Metaspace       used 88981K, capacity 94188K, committed 94360K, reserved 1130496K
  class space    used 11949K, capacity 12928K, committed 12976K, reserved 1048576K
}
Event: 101.478 GC heap before
{Heap before GC invocations=25 (full 4):
 PSYoungGen      total 632320K, used 65021K [0x00000000d5580000, 0x0000000100000000, 0x0000000100000000)
  eden space 567296K, 0% used [0x00000000d5580000,0x00000000d5580000,0x00000000f7f80000)
  from space 65024K, 99% used [0x00000000f7f80000,0x00000000fbeff448,0x00000000fbf00000)
  to   space 66560K, 0% used [0x00000000fbf00000,0x00000000fbf00000,0x0000000100000000)
 ParOldGen       total 156672K, used 156338K [0x0000000080000000, 0x0000000089900000, 0x00000000d5580000)
  object space 156672K, 99% used [0x0000000080000000,0x00000000898ac9c0,0x0000000089900000)
 Metaspace       used 88981K, capacity 94188K, committed 94360K, reserved 1130496K
  class space    used 11949K, capacity 12928K, committed 12976K, reserved 1048576K
Event: 102.385 GC heap after
Heap after GC invocations=25 (full 4):
 PSYoungGen      total 632320K, used 0K [0x00000000d5580000, 0x0000000100000000, 0x0000000100000000)
  eden space 567296K, 0% used [0x00000000d5580000,0x00000000d5580000,0x00000000f7f80000)
  from space 65024K, 0% used [0x00000000f7f80000,0x00000000f7f80000,0x00000000fbf00000)
  to   space 66560K, 0% used [0x00000000fbf00000,0x00000000fbf00000,0x0000000100000000)
 ParOldGen       total 325632K, used 155212K [0x0000000080000000, 0x0000000093e00000, 0x00000000d5580000)
  object space 325632K, 47% used [0x0000000080000000,0x00000000897933a8,0x0000000093e00000)
 Metaspace       used 88583K, capacity 93204K, committed 94360K, reserved 1130496K
  class space    used 11810K, capacity 12680K, committed 12976K, reserved 1048576K
}
Event: 1566.086 GC heap before
{Heap before GC invocations=26 (full 4):
 PSYoungGen      total 632320K, used 567296K [0x00000000d5580000, 0x0000000100000000, 0x0000000100000000)
  eden space 567296K, 100% used [0x00000000d5580000,0x00000000f7f80000,0x00000000f7f80000)
  from space 65024K, 0% used [0x00000000f7f80000,0x00000000f7f80000,0x00000000fbf00000)
  to   space 66560K, 0% used [0x00000000fbf00000,0x00000000fbf00000,0x0000000100000000)
 ParOldGen       total 325632K, used 155212K [0x0000000080000000, 0x0000000093e00000, 0x00000000d5580000)
  object space 325632K, 47% used [0x0000000080000000,0x00000000897933a8,0x0000000093e00000)
 Metaspace       used 96157K, capacity 101446K, committed 101912K, reserved 1138688K
  class space    used 12517K, capacity 13483K, committed 13616K, reserved 1048576K
Event: 1566.568 GC heap after
Heap after GC invocations=26 (full 4):
 PSYoungGen      total 586240K, used 19776K [0x00000000d5580000, 0x0000000100000000, 0x0000000100000000)
  eden space 519680K, 0% used [0x00000000d5580000,0x00000000d5580000,0x00000000f5100000)
  from space 66560K, 29% used [0x00000000fbf00000,0x00000000fd250038,0x0000000100000000)
  to   space 89600K, 0% used [0x00000000f5100000,0x00000000f5100000,0x00000000fa880000)
 ParOldGen       total 325632K, used 155220K [0x0000000080000000, 0x0000000093e00000, 0x00000000d5580000)
  object space 325632K, 47% used [0x0000000080000000,0x00000000897953a8,0x0000000093e00000)
 Metaspace       used 96157K, capacity 101446K, committed 101912K, reserved 1138688K
  class space    used 12517K, capacity 13483K, committed 13616K, reserved 1048576K
}
Event: 3907.884 GC heap before
{Heap before GC invocations=27 (full 4):
 PSYoungGen      total 586240K, used 539074K [0x00000000d5580000, 0x0000000100000000, 0x0000000100000000)
  eden space 519680K, 99% used [0x00000000d5580000,0x00000000f50a0ab0,0x00000000f5100000)
  from space 66560K, 29% used [0x00000000fbf00000,0x00000000fd250038,0x0000000100000000)
  to   space 89600K, 0% used [0x00000000f5100000,0x00000000f5100000,0x00000000fa880000)
 ParOldGen       total 325632K, used 155220K [0x0000000080000000, 0x0000000093e00000, 0x00000000d5580000)
  object space 325632K, 47% used [0x0000000080000000,0x00000000897953a8,0x0000000093e00000)
 Metaspace       used 105420K, capacity 111382K, committed 111512K, reserved 1146880K
  class space    used 13735K, capacity 14898K, committed 15024K, reserved 1048576K
Event: 3908.382 GC heap after
Heap after GC invocations=27 (full 4):
 PSYoungGen      total 609280K, used 25532K [0x00000000d5580000, 0x0000000100000000, 0x0000000100000000)
  eden space 519680K, 0% used [0x00000000d5580000,0x00000000d5580000,0x00000000f5100000)
  from space 89600K, 28% used [0x00000000f5100000,0x00000000f69ef1f8,0x00000000fa880000)
  to   space 86016K, 0% used [0x00000000fac00000,0x00000000fac00000,0x0000000100000000)
 ParOldGen       total 325632K, used 155228K [0x0000000080000000, 0x0000000093e00000, 0x00000000d5580000)
  object space 325632K, 47% used [0x0000000080000000,0x00000000897973a8,0x0000000093e00000)
 Metaspace       used 105420K, capacity 111382K, committed 111512K, reserved 1146880K
  class space    used 13735K, capacity 14898K, committed 15024K, reserved 1048576K
}

